[2024-05-13 04:15:49,073] ERROR Error occurred (kafka.network.Acceptor)
java.io.IOException: Invalid argument
	at java.base/sun.nio.ch.EPoll.wait(Native Method)
	at java.base/sun.nio.ch.EPollSelectorImpl.doSelect(EPollSelectorImpl.java:120)
	at java.base/sun.nio.ch.SelectorImpl.lockAndDoSelect(SelectorImpl.java:124)
	at java.base/sun.nio.ch.SelectorImpl.select(SelectorImpl.java:136)
	at kafka.network.Acceptor.acceptNewConnections(SocketServer.scala:676)
	at kafka.network.Acceptor.run(SocketServer.scala:627)
	at java.base/java.lang.Thread.run(Thread.java:836)
[2024-05-13 04:35:36,247] ERROR [broker-0-to-controller] Unexpected error during I/O (org.apache.kafka.clients.NetworkClient)
java.io.IOException: Invalid argument
	at java.base/sun.nio.ch.EPoll.wait(Native Method)
	at java.base/sun.nio.ch.EPollSelectorImpl.doSelect(EPollSelectorImpl.java:120)
	at java.base/sun.nio.ch.SelectorImpl.lockAndDoSelect(SelectorImpl.java:124)
	at java.base/sun.nio.ch.SelectorImpl.select(SelectorImpl.java:136)
	at org.apache.kafka.common.network.Selector.select(Selector.java:869)
	at org.apache.kafka.common.network.Selector.poll(Selector.java:465)
	at org.apache.kafka.clients.NetworkClient.poll(NetworkClient.java:561)
	at kafka.common.InterBrokerSendThread.pollOnce(InterBrokerSendThread.scala:74)
	at kafka.server.BrokerToControllerRequestThread.doWork(BrokerToControllerChannelManager.scala:368)
	at kafka.utils.ShutdownableThread.run(ShutdownableThread.scala:96)
